  dxutil.cpp
d:\github\projects\gh_directx9_examples\ch9_cfont\ch9_cfont\dxutil.cpp(60): warning C4996: 'strcat': This function or variable may be unsafe. Consider using strcat_s instead. To disable deprecation, use _CRT_SECURE_NO_WARNINGS. See online help for details.
  c:\program files (x86)\windows kits\10\include\10.0.10240.0\ucrt\string.h(90): note: 'strcat' 선언을 참조하십시오.
d:\github\projects\gh_directx9_examples\ch9_cfont\ch9_cfont\dxutil.cpp(112): warning C4996: '_tcsncpy': This function or variable may be unsafe. Consider using _tcsncpy_s instead. To disable deprecation, use _CRT_SECURE_NO_WARNINGS. See online help for details.
  c:\program files (x86)\windows kits\10\include\10.0.10240.0\ucrt\tchar.h(1541): note: '_tcsncpy' 선언을 참조하십시오.
d:\github\projects\gh_directx9_examples\ch9_cfont\ch9_cfont\dxutil.cpp(136): warning C4996: '_tcsncpy': This function or variable may be unsafe. Consider using _tcsncpy_s instead. To disable deprecation, use _CRT_SECURE_NO_WARNINGS. See online help for details.
  c:\program files (x86)\windows kits\10\include\10.0.10240.0\ucrt\tchar.h(1541): note: '_tcsncpy' 선언을 참조하십시오.
d:\github\projects\gh_directx9_examples\ch9_cfont\ch9_cfont\dxutil.cpp(160): warning C4996: '_tcsncpy': This function or variable may be unsafe. Consider using _tcsncpy_s instead. To disable deprecation, use _CRT_SECURE_NO_WARNINGS. See online help for details.
  c:\program files (x86)\windows kits\10\include\10.0.10240.0\ucrt\tchar.h(1541): note: '_tcsncpy' 선언을 참조하십시오.
d:\github\projects\gh_directx9_examples\ch9_cfont\ch9_cfont\dxutil.cpp(574): warning C4996: 'strncpy': This function or variable may be unsafe. Consider using strncpy_s instead. To disable deprecation, use _CRT_SECURE_NO_WARNINGS. See online help for details.
  c:\program files (x86)\windows kits\10\include\10.0.10240.0\ucrt\string.h(346): note: 'strncpy' 선언을 참조하십시오.
d:\github\projects\gh_directx9_examples\ch9_cfont\ch9_cfont\dxutil.cpp(624): warning C4996: 'strncpy': This function or variable may be unsafe. Consider using strncpy_s instead. To disable deprecation, use _CRT_SECURE_NO_WARNINGS. See online help for details.
  c:\program files (x86)\windows kits\10\include\10.0.10240.0\ucrt\string.h(346): note: 'strncpy' 선언을 참조하십시오.
d:\github\projects\gh_directx9_examples\ch9_cfont\ch9_cfont\dxutil.cpp(698): warning C4996: 'strcpy': This function or variable may be unsafe. Consider using strcpy_s instead. To disable deprecation, use _CRT_SECURE_NO_WARNINGS. See online help for details.
  c:\program files (x86)\windows kits\10\include\10.0.10240.0\ucrt\string.h(119): note: 'strcpy' 선언을 참조하십시오.
d:\github\projects\gh_directx9_examples\ch9_cfont\ch9_cfont\dxutil.cpp(713): warning C4996: 'strcpy': This function or variable may be unsafe. Consider using strcpy_s instead. To disable deprecation, use _CRT_SECURE_NO_WARNINGS. See online help for details.
  c:\program files (x86)\windows kits\10\include\10.0.10240.0\ucrt\string.h(119): note: 'strcpy' 선언을 참조하십시오.
d:\github\projects\gh_directx9_examples\ch9_cfont\ch9_cfont\dxutil.cpp(722): warning C4996: 'strcpy': This function or variable may be unsafe. Consider using strcpy_s instead. To disable deprecation, use _CRT_SECURE_NO_WARNINGS. See online help for details.
  c:\program files (x86)\windows kits\10\include\10.0.10240.0\ucrt\string.h(119): note: 'strcpy' 선언을 참조하십시오.
d:\github\projects\gh_directx9_examples\ch9_cfont\ch9_cfont\dxutil.cpp(734): warning C4996: 'strcpy': This function or variable may be unsafe. Consider using strcpy_s instead. To disable deprecation, use _CRT_SECURE_NO_WARNINGS. See online help for details.
  c:\program files (x86)\windows kits\10\include\10.0.10240.0\ucrt\string.h(119): note: 'strcpy' 선언을 참조하십시오.
d:\github\projects\gh_directx9_examples\ch9_cfont\ch9_cfont\dxutil.cpp(788): warning C4996: '_snprintf': This function or variable may be unsafe. Consider using _snprintf_s instead. To disable deprecation, use _CRT_SECURE_NO_WARNINGS. See online help for details.
  c:\program files (x86)\windows kits\10\include\10.0.10240.0\ucrt\stdio.h(1952): note: '_snprintf' 선언을 참조하십시오.
d:\github\projects\gh_directx9_examples\ch9_cfont\ch9_cfont\dxutil.cpp(819): warning C4996: '_vsnprintf': This function or variable may be unsafe. Consider using _vsnprintf_s instead. To disable deprecation, use _CRT_SECURE_NO_WARNINGS. See online help for details.
  c:\program files (x86)\windows kits\10\include\10.0.10240.0\ucrt\stdio.h(1396): note: '_vsnprintf' 선언을 참조하십시오.
d:\github\projects\gh_directx9_examples\ch9_cfont\ch9_cfont\dxutil.cpp(839): warning C4996: 'sscanf': This function or variable may be unsafe. Consider using sscanf_s instead. To disable deprecation, use _CRT_SECURE_NO_WARNINGS. See online help for details.
  c:\program files (x86)\windows kits\10\include\10.0.10240.0\ucrt\stdio.h(2254): note: 'sscanf' 선언을 참조하십시오.
d:\github\projects\gh_directx9_examples\ch9_cfont\ch9_cfont\dxutil.cpp(877): warning C4996: '_snprintf': This function or variable may be unsafe. Consider using _snprintf_s instead. To disable deprecation, use _CRT_SECURE_NO_WARNINGS. See online help for details.
  c:\program files (x86)\windows kits\10\include\10.0.10240.0\ucrt\stdio.h(1952): note: '_snprintf' 선언을 참조하십시오.
  d3dUtility.cpp
  d3dutil.cpp
  d3dfont.cpp
d:\github\projects\gh_directx9_examples\ch9_cfont\ch9_cfont\d3dfont.cpp(53): warning C4996: '_tcsncpy': This function or variable may be unsafe. Consider using _tcsncpy_s instead. To disable deprecation, use _CRT_SECURE_NO_WARNINGS. See online help for details.
  c:\program files (x86)\windows kits\10\include\10.0.10240.0\ucrt\tchar.h(1541): note: '_tcsncpy' 선언을 참조하십시오.
  cfont.cpp
d:\github\projects\gh_directx9_examples\ch9_cfont\ch9_cfont\cfont.cpp(75): warning C4996: 'sprintf': This function or variable may be unsafe. Consider using sprintf_s instead. To disable deprecation, use _CRT_SECURE_NO_WARNINGS. See online help for details.
  c:\program files (x86)\windows kits\10\include\10.0.10240.0\ucrt\stdio.h(1769): note: 'sprintf' 선언을 참조하십시오.
  코드를 생성하고 있습니다...
  ch9_CFont.vcxproj -> D:\GitHub\Projects\GH_DirectX9_Examples\ch9_CFont\Debug\ch9_CFont.exe
  ch9_CFont.vcxproj -> D:\GitHub\Projects\GH_DirectX9_Examples\ch9_CFont\Debug\ch9_CFont.pdb (Full PDB)
