d:\github\projects\gameengine_directx9_prototype\gameengine_directx9_prototype\x64\debug\vc140.pdb
d:\github\projects\gameengine_directx9_prototype\gameengine_directx9_prototype\x64\debug\vc140.idb
d:\github\projects\gameengine_directx9_prototype\gameengine_directx9_prototype\x64\debug\audio.obj
d:\github\projects\gameengine_directx9_prototype\gameengine_directx9_prototype\x64\debug\camera.obj
d:\github\projects\gameengine_directx9_prototype\gameengine_directx9_prototype\x64\debug\fbxmodelmesh.obj
d:\github\projects\gameengine_directx9_prototype\gameengine_directx9_prototype\x64\debug\fbxparser.obj
d:\github\projects\gameengine_directx9_prototype\gameengine_directx9_prototype\x64\debug\locator.obj
d:\github\projects\gameengine_directx9_prototype\gameengine_directx9_prototype\x64\debug\main.obj
d:\github\projects\gameengine_directx9_prototype\gameengine_directx9_prototype\x64\debug\component.obj
d:\github\projects\gameengine_directx9_prototype\gameengine_directx9_prototype\x64\debug\d3dutility.obj
d:\github\projects\gameengine_directx9_prototype\gameengine_directx9_prototype\x64\debug\gameobject.obj
d:\github\projects\gameengine_directx9_prototype\gameengine_directx9_prototype\x64\debug\physics.obj
d:\github\projects\gameengine_directx9_prototype\gameengine_directx9_prototype\x64\debug\scene.obj
d:\github\projects\gameengine_directx9_prototype\gameengine_directx9_prototype\x64\debug\trace.obj
d:\github\projects\gameengine_directx9_prototype\gameengine_directx9_prototype\x64\debug\utility.obj
d:\github\projects\gameengine_directx9_prototype\gameengine_directx9_prototype\x64\debug\weightofbones.obj
d:\github\projects\gameengine_directx9_prototype\gameengine_directx9_prototype\x64\debug\qrc_gameui.obj
d:\github\projects\gameengine_directx9_prototype\gameengine_directx9_prototype\x64\debug\gameui.obj
d:\github\projects\gameengine_directx9_prototype\gameengine_directx9_prototype\x64\debug\moc_gameui.obj
d:\github\projects\gameengine_directx9_prototype\gameengine_directx9_prototype\generatedfiles\qrc_gameui.cpp
d:\github\projects\gameengine_directx9_prototype\gameengine_directx9_prototype\generatedfiles\ui_gameui.h
d:\github\projects\gameengine_directx9_prototype\gameengine_directx9_prototype\generatedfiles\debug\moc_gameui.cpp
d:\github\projects\gameengine_directx9_prototype\x64\debug\gameengine_directx9_prototype.pdb
d:\github\projects\gameengine_directx9_prototype\x64\debug\gameengine_directx9_prototype.exe
d:\github\projects\gameengine_directx9_prototype\x64\debug\gameengine_directx9_prototype.ilk
d:\github\projects\gameengine_directx9_prototype\gameengine_directx9_prototype\x64\debug\gameengi.b440a138.tlog\cl.command.1.tlog
d:\github\projects\gameengine_directx9_prototype\gameengine_directx9_prototype\x64\debug\gameengi.b440a138.tlog\cl.read.1.tlog
d:\github\projects\gameengine_directx9_prototype\gameengine_directx9_prototype\x64\debug\gameengi.b440a138.tlog\cl.write.1.tlog
d:\github\projects\gameengine_directx9_prototype\gameengine_directx9_prototype\x64\debug\gameengi.b440a138.tlog\custombuild.command.1.tlog
d:\github\projects\gameengine_directx9_prototype\gameengine_directx9_prototype\x64\debug\gameengi.b440a138.tlog\custombuild.read.1.tlog
d:\github\projects\gameengine_directx9_prototype\gameengine_directx9_prototype\x64\debug\gameengi.b440a138.tlog\custombuild.write.1.tlog
d:\github\projects\gameengine_directx9_prototype\gameengine_directx9_prototype\x64\debug\gameengi.b440a138.tlog\link.command.1.tlog
d:\github\projects\gameengine_directx9_prototype\gameengine_directx9_prototype\x64\debug\gameengi.b440a138.tlog\link.read.1.tlog
d:\github\projects\gameengine_directx9_prototype\gameengine_directx9_prototype\x64\debug\gameengi.b440a138.tlog\link.write.1.tlog
