  terrainDriver.cpp
  terrain.cpp
d:\github\projects\gh_directx9_examples\ch13_terrain\ch13_terrain\terrain.cpp(50): warning C4018: '<': signed 또는 unsigned가 일치하지 않습니다.
d:\github\projects\gh_directx9_examples\ch13_terrain\ch13_terrain\terrain.cpp(51): warning C4244: '*=': 'float'에서 'int'(으)로 변환하면서 데이터가 손실될 수 있습니다.
d:\github\projects\gh_directx9_examples\ch13_terrain\ch13_terrain\terrain.cpp(351): warning C4018: '<': signed 또는 unsigned가 일치하지 않습니다.
d:\github\projects\gh_directx9_examples\ch13_terrain\ch13_terrain\terrain.cpp(353): warning C4018: '<': signed 또는 unsigned가 일치하지 않습니다.
d:\github\projects\gh_directx9_examples\ch13_terrain\ch13_terrain\terrain.cpp(383): warning C4244: '초기화 중': 'int'에서 'float'(으)로 변환하면서 데이터가 손실될 수 있습니다.
d:\github\projects\gh_directx9_examples\ch13_terrain\ch13_terrain\terrain.cpp(384): warning C4244: '초기화 중': 'int'에서 'float'(으)로 변환하면서 데이터가 손실될 수 있습니다.
d:\github\projects\gh_directx9_examples\ch13_terrain\ch13_terrain\terrain.cpp(385): warning C4244: '초기화 중': 'int'에서 'float'(으)로 변환하면서 데이터가 손실될 수 있습니다.
d:\github\projects\gh_directx9_examples\ch13_terrain\ch13_terrain\terrain.cpp(390): warning C4244: '인수': 'int'에서 'FLOAT'(으)로 변환하면서 데이터가 손실될 수 있습니다.
d:\github\projects\gh_directx9_examples\ch13_terrain\ch13_terrain\terrain.cpp(393): warning C4244: '인수': 'int'에서 'FLOAT'(으)로 변환하면서 데이터가 손실될 수 있습니다.
d:\github\projects\gh_directx9_examples\ch13_terrain\ch13_terrain\terrain.cpp(442): warning C4018: '<': signed 또는 unsigned가 일치하지 않습니다.
d:\github\projects\gh_directx9_examples\ch13_terrain\ch13_terrain\terrain.cpp(483): warning C4244: '인수': 'float'에서 'int'(으)로 변환하면서 데이터가 손실될 수 있습니다.
d:\github\projects\gh_directx9_examples\ch13_terrain\ch13_terrain\terrain.cpp(483): warning C4244: '초기화 중': 'int'에서 'float'(으)로 변환하면서 데이터가 손실될 수 있습니다.
d:\github\projects\gh_directx9_examples\ch13_terrain\ch13_terrain\terrain.cpp(484): warning C4244: '인수': 'float'에서 'int'(으)로 변환하면서 데이터가 손실될 수 있습니다.
d:\github\projects\gh_directx9_examples\ch13_terrain\ch13_terrain\terrain.cpp(484): warning C4244: '초기화 중': 'int'에서 'float'(으)로 변환하면서 데이터가 손실될 수 있습니다.
d:\github\projects\gh_directx9_examples\ch13_terrain\ch13_terrain\terrain.cpp(485): warning C4244: '인수': 'float'에서 'int'(으)로 변환하면서 데이터가 손실될 수 있습니다.
d:\github\projects\gh_directx9_examples\ch13_terrain\ch13_terrain\terrain.cpp(485): warning C4244: '초기화 중': 'int'에서 'float'(으)로 변환하면서 데이터가 손실될 수 있습니다.
d:\github\projects\gh_directx9_examples\ch13_terrain\ch13_terrain\terrain.cpp(486): warning C4244: '인수': 'float'에서 'int'(으)로 변환하면서 데이터가 손실될 수 있습니다.
d:\github\projects\gh_directx9_examples\ch13_terrain\ch13_terrain\terrain.cpp(486): warning C4244: '초기화 중': 'int'에서 'float'(으)로 변환하면서 데이터가 손실될 수 있습니다.
  fps.cpp
d:\github\projects\gh_directx9_examples\ch13_terrain\ch13_terrain\fps.cpp(51): warning C4996: 'sprintf': This function or variable may be unsafe. Consider using sprintf_s instead. To disable deprecation, use _CRT_SECURE_NO_WARNINGS. See online help for details.
  c:\program files (x86)\windows kits\10\include\10.0.10240.0\ucrt\stdio.h(1769): note: 'sprintf' 선언을 참조하십시오.
  dxutil.cpp
d:\github\projects\gh_directx9_examples\ch13_terrain\ch13_terrain\dxutil.cpp(60): warning C4996: 'strcat': This function or variable may be unsafe. Consider using strcat_s instead. To disable deprecation, use _CRT_SECURE_NO_WARNINGS. See online help for details.
  c:\program files (x86)\windows kits\10\include\10.0.10240.0\ucrt\string.h(90): note: 'strcat' 선언을 참조하십시오.
d:\github\projects\gh_directx9_examples\ch13_terrain\ch13_terrain\dxutil.cpp(112): warning C4996: '_tcsncpy': This function or variable may be unsafe. Consider using _tcsncpy_s instead. To disable deprecation, use _CRT_SECURE_NO_WARNINGS. See online help for details.
  c:\program files (x86)\windows kits\10\include\10.0.10240.0\ucrt\tchar.h(1541): note: '_tcsncpy' 선언을 참조하십시오.
d:\github\projects\gh_directx9_examples\ch13_terrain\ch13_terrain\dxutil.cpp(136): warning C4996: '_tcsncpy': This function or variable may be unsafe. Consider using _tcsncpy_s instead. To disable deprecation, use _CRT_SECURE_NO_WARNINGS. See online help for details.
  c:\program files (x86)\windows kits\10\include\10.0.10240.0\ucrt\tchar.h(1541): note: '_tcsncpy' 선언을 참조하십시오.
d:\github\projects\gh_directx9_examples\ch13_terrain\ch13_terrain\dxutil.cpp(160): warning C4996: '_tcsncpy': This function or variable may be unsafe. Consider using _tcsncpy_s instead. To disable deprecation, use _CRT_SECURE_NO_WARNINGS. See online help for details.
  c:\program files (x86)\windows kits\10\include\10.0.10240.0\ucrt\tchar.h(1541): note: '_tcsncpy' 선언을 참조하십시오.
d:\github\projects\gh_directx9_examples\ch13_terrain\ch13_terrain\dxutil.cpp(580): warning C4996: 'strncpy': This function or variable may be unsafe. Consider using strncpy_s instead. To disable deprecation, use _CRT_SECURE_NO_WARNINGS. See online help for details.
  c:\program files (x86)\windows kits\10\include\10.0.10240.0\ucrt\string.h(346): note: 'strncpy' 선언을 참조하십시오.
d:\github\projects\gh_directx9_examples\ch13_terrain\ch13_terrain\dxutil.cpp(630): warning C4996: 'strncpy': This function or variable may be unsafe. Consider using strncpy_s instead. To disable deprecation, use _CRT_SECURE_NO_WARNINGS. See online help for details.
  c:\program files (x86)\windows kits\10\include\10.0.10240.0\ucrt\string.h(346): note: 'strncpy' 선언을 참조하십시오.
d:\github\projects\gh_directx9_examples\ch13_terrain\ch13_terrain\dxutil.cpp(711): warning C4996: '_snprintf': This function or variable may be unsafe. Consider using _snprintf_s instead. To disable deprecation, use _CRT_SECURE_NO_WARNINGS. See online help for details.
  c:\program files (x86)\windows kits\10\include\10.0.10240.0\ucrt\stdio.h(1952): note: '_snprintf' 선언을 참조하십시오.
d:\github\projects\gh_directx9_examples\ch13_terrain\ch13_terrain\dxutil.cpp(730): warning C4996: '_tcsncpy': This function or variable may be unsafe. Consider using _tcsncpy_s instead. To disable deprecation, use _CRT_SECURE_NO_WARNINGS. See online help for details.
  c:\program files (x86)\windows kits\10\include\10.0.10240.0\ucrt\tchar.h(1541): note: '_tcsncpy' 선언을 참조하십시오.
d:\github\projects\gh_directx9_examples\ch13_terrain\ch13_terrain\dxutil.cpp(745): warning C4996: 'strcpy': This function or variable may be unsafe. Consider using strcpy_s instead. To disable deprecation, use _CRT_SECURE_NO_WARNINGS. See online help for details.
  c:\program files (x86)\windows kits\10\include\10.0.10240.0\ucrt\string.h(119): note: 'strcpy' 선언을 참조하십시오.
d:\github\projects\gh_directx9_examples\ch13_terrain\ch13_terrain\dxutil.cpp(760): warning C4996: 'strcpy': This function or variable may be unsafe. Consider using strcpy_s instead. To disable deprecation, use _CRT_SECURE_NO_WARNINGS. See online help for details.
  c:\program files (x86)\windows kits\10\include\10.0.10240.0\ucrt\string.h(119): note: 'strcpy' 선언을 참조하십시오.
d:\github\projects\gh_directx9_examples\ch13_terrain\ch13_terrain\dxutil.cpp(769): warning C4996: 'strcpy': This function or variable may be unsafe. Consider using strcpy_s instead. To disable deprecation, use _CRT_SECURE_NO_WARNINGS. See online help for details.
  c:\program files (x86)\windows kits\10\include\10.0.10240.0\ucrt\string.h(119): note: 'strcpy' 선언을 참조하십시오.
d:\github\projects\gh_directx9_examples\ch13_terrain\ch13_terrain\dxutil.cpp(781): warning C4996: 'strcpy': This function or variable may be unsafe. Consider using strcpy_s instead. To disable deprecation, use _CRT_SECURE_NO_WARNINGS. See online help for details.
  c:\program files (x86)\windows kits\10\include\10.0.10240.0\ucrt\string.h(119): note: 'strcpy' 선언을 참조하십시오.
d:\github\projects\gh_directx9_examples\ch13_terrain\ch13_terrain\dxutil.cpp(842): warning C4996: '_vsnprintf': This function or variable may be unsafe. Consider using _vsnprintf_s instead. To disable deprecation, use _CRT_SECURE_NO_WARNINGS. See online help for details.
  c:\program files (x86)\windows kits\10\include\10.0.10240.0\ucrt\stdio.h(1396): note: '_vsnprintf' 선언을 참조하십시오.
d:\github\projects\gh_directx9_examples\ch13_terrain\ch13_terrain\dxutil.cpp(862): warning C4996: 'sscanf': This function or variable may be unsafe. Consider using sscanf_s instead. To disable deprecation, use _CRT_SECURE_NO_WARNINGS. See online help for details.
  c:\program files (x86)\windows kits\10\include\10.0.10240.0\ucrt\stdio.h(2254): note: 'sscanf' 선언을 참조하십시오.
d:\github\projects\gh_directx9_examples\ch13_terrain\ch13_terrain\dxutil.cpp(900): warning C4996: '_snprintf': This function or variable may be unsafe. Consider using _snprintf_s instead. To disable deprecation, use _CRT_SECURE_NO_WARNINGS. See online help for details.
  c:\program files (x86)\windows kits\10\include\10.0.10240.0\ucrt\stdio.h(1952): note: '_snprintf' 선언을 참조하십시오.
  d3dUtility.cpp
  d3dutil.cpp
  d3dfont.cpp
d:\github\projects\gh_directx9_examples\ch13_terrain\ch13_terrain\d3dfont.cpp(53): warning C4996: '_tcsncpy': This function or variable may be unsafe. Consider using _tcsncpy_s instead. To disable deprecation, use _CRT_SECURE_NO_WARNINGS. See online help for details.
  c:\program files (x86)\windows kits\10\include\10.0.10240.0\ucrt\tchar.h(1541): note: '_tcsncpy' 선언을 참조하십시오.
  camera.cpp
  코드를 생성하고 있습니다...
  LINK : D:\GitHub\Projects\GH_DirectX9_Examples\ch13_terrain\Debug\ch13_terrain.exe을(를) 찾을 수 없거나 마지막 증분 링크에 의해 빌드되지 않았습니다. 전체 링크를 수행하고 있습니다.
  ch13_terrain.vcxproj -> D:\GitHub\Projects\GH_DirectX9_Examples\ch13_terrain\Debug\ch13_terrain.exe
  ch13_terrain.vcxproj -> D:\GitHub\Projects\GH_DirectX9_Examples\ch13_terrain\Debug\ch13_terrain.pdb (Full PDB)
