camera.obj : error LNK2001: D3DXVec3Normalize 외부 기호를 확인할 수 없습니다.
camera.obj : error LNK2001: D3DXMatrixRotationAxis 외부 기호를 확인할 수 없습니다.
camera.obj : error LNK2001: D3DXMatrixRotationY 외부 기호를 확인할 수 없습니다.
camera.obj : error LNK2001: D3DXVec3TransformCoord 외부 기호를 확인할 수 없습니다.
main.obj : error LNK2001: __imp_PostQuitMessage 외부 기호를 확인할 수 없습니다.
main.obj : error LNK2001: __imp_DefWindowProcA 외부 기호를 확인할 수 없습니다.
main.obj : error LNK2001: D3DXMatrixPerspectiveFovLH 외부 기호를 확인할 수 없습니다.
main.obj : error LNK2001: __imp_MessageBoxA 외부 기호를 확인할 수 없습니다.
main.obj : error LNK2001: __imp_DestroyWindow 외부 기호를 확인할 수 없습니다.
Component.obj : error LNK2001: D3DXCreateTextureFromFileA 외부 기호를 확인할 수 없습니다.
Component.obj : error LNK2001: D3DXMatrixTranslation 외부 기호를 확인할 수 없습니다.
Component.obj : error LNK2001: D3DXMatrixRotationX 외부 기호를 확인할 수 없습니다.
Component.obj : error LNK2001: __imp_GetAsyncKeyState 외부 기호를 확인할 수 없습니다.
Component.obj : error LNK2001: D3DXMatrixMultiply 외부 기호를 확인할 수 없습니다.
Component.obj : error LNK2001: D3DXMatrixRotationZ 외부 기호를 확인할 수 없습니다.
Component.obj : error LNK2001: D3DXLoadMeshFromXA 외부 기호를 확인할 수 없습니다.
d3dUtility.obj : error LNK2001: __imp_UpdateWindow 외부 기호를 확인할 수 없습니다.
d3dUtility.obj : error LNK2001: __imp_timeGetTime 외부 기호를 확인할 수 없습니다.
d3dUtility.obj : error LNK2001: __imp_PeekMessageA 외부 기호를 확인할 수 없습니다.
d3dUtility.obj : error LNK2001: __imp_LoadIconA 외부 기호를 확인할 수 없습니다.
d3dUtility.obj : error LNK2001: __imp_TranslateMessage 외부 기호를 확인할 수 없습니다.
d3dUtility.obj : error LNK2001: __imp_CreateWindowExA 외부 기호를 확인할 수 없습니다.
d3dUtility.obj : error LNK2001: Direct3DCreate9 외부 기호를 확인할 수 없습니다.
d3dUtility.obj : error LNK2001: __imp_RegisterClassA 외부 기호를 확인할 수 없습니다.
d3dUtility.obj : error LNK2001: D3DXCreateCylinder 외부 기호를 확인할 수 없습니다.
d3dUtility.obj : error LNK2001: __imp_GetStockObject 외부 기호를 확인할 수 없습니다.
d3dUtility.obj : error LNK2001: __imp_ShowWindow 외부 기호를 확인할 수 없습니다.
d3dUtility.obj : error LNK2001: D3DXMatrixScaling 외부 기호를 확인할 수 없습니다.
d3dUtility.obj : error LNK2001: __imp_LoadCursorA 외부 기호를 확인할 수 없습니다.
d3dUtility.obj : error LNK2001: __imp_DispatchMessageA 외부 기호를 확인할 수 없습니다.
Scene.obj : error LNK2001: D3DXCreateTeapot 외부 기호를 확인할 수 없습니다.
D:\GitHub\Projects\GameEngine_DirectX9_Prototype\x64\Release\GameEngine_DirectX9_Prototype.exe : fatal error LNK1120: 31개의 확인할 수 없는 외부 참조입니다.
