  camera.cpp
  Locator.cpp
c:\users\user\documents\github\projects\gameengine_directx9_prototype\gameengine_directx9_prototype\Component.h(272): warning C4244: '초기화 중': 'float'에서 'int'(으)로 변환하면서 데이터가 손실될 수 있습니다.
c:\users\user\documents\github\projects\gameengine_directx9_prototype\gameengine_directx9_prototype\Component.h(350): warning C4018: '<': signed 또는 unsigned가 일치하지 않습니다.
  main.cpp
c:\users\user\documents\github\projects\gameengine_directx9_prototype\gameengine_directx9_prototype\Component.h(272): warning C4244: '초기화 중': 'float'에서 'int'(으)로 변환하면서 데이터가 손실될 수 있습니다.
c:\users\user\documents\github\projects\gameengine_directx9_prototype\gameengine_directx9_prototype\Component.h(350): warning C4018: '<': signed 또는 unsigned가 일치하지 않습니다.
  Component.cpp
c:\users\user\documents\github\projects\gameengine_directx9_prototype\gameengine_directx9_prototype\Component.h(272): warning C4244: '초기화 중': 'float'에서 'int'(으)로 변환하면서 데이터가 손실될 수 있습니다.
c:\users\user\documents\github\projects\gameengine_directx9_prototype\gameengine_directx9_prototype\Component.h(350): warning C4018: '<': signed 또는 unsigned가 일치하지 않습니다.
Component.cpp(261): warning C4018: '<': signed 또는 unsigned가 일치하지 않습니다.
Component.cpp(292): warning C4018: '<': signed 또는 unsigned가 일치하지 않습니다.
  d3dUtility.cpp
c:\users\user\documents\github\projects\gameengine_directx9_prototype\gameengine_directx9_prototype\Component.h(272): warning C4244: '초기화 중': 'float'에서 'int'(으)로 변환하면서 데이터가 손실될 수 있습니다.
c:\users\user\documents\github\projects\gameengine_directx9_prototype\gameengine_directx9_prototype\Component.h(350): warning C4018: '<': signed 또는 unsigned가 일치하지 않습니다.
  GameObject.cpp
c:\users\user\documents\github\projects\gameengine_directx9_prototype\gameengine_directx9_prototype\Component.h(272): warning C4244: '초기화 중': 'float'에서 'int'(으)로 변환하면서 데이터가 손실될 수 있습니다.
c:\users\user\documents\github\projects\gameengine_directx9_prototype\gameengine_directx9_prototype\Component.h(350): warning C4018: '<': signed 또는 unsigned가 일치하지 않습니다.
GameObject.cpp(26): warning C4018: '<': signed 또는 unsigned가 일치하지 않습니다.
GameObject.cpp(35): warning C4018: '<': signed 또는 unsigned가 일치하지 않습니다.
GameObject.cpp(53): warning C4018: '<': signed 또는 unsigned가 일치하지 않습니다.
  Scene.cpp
c:\users\user\documents\github\projects\gameengine_directx9_prototype\gameengine_directx9_prototype\Component.h(272): warning C4244: '초기화 중': 'float'에서 'int'(으)로 변환하면서 데이터가 손실될 수 있습니다.
c:\users\user\documents\github\projects\gameengine_directx9_prototype\gameengine_directx9_prototype\Component.h(350): warning C4018: '<': signed 또는 unsigned가 일치하지 않습니다.
Scene.cpp(135): warning C4477: 'sprintf' : 서식 문자열 '%f'에 'double' 형식의 인수가 필요하지만 variadic 인수 1의 형식이 'clock_t'입니다.
Scene.cpp(135): warning C4996: 'sprintf': This function or variable may be unsafe. Consider using sprintf_s instead. To disable deprecation, use _CRT_SECURE_NO_WARNINGS. See online help for details.
  C:\Program Files (x86)\Windows Kits\10\Include\10.0.10240.0\ucrt\stdio.h(1769): note: 'sprintf' 선언을 참조하십시오.
  Trace.cpp
  Utility.cpp
  코드를 생성하고 있습니다.
  All 1346 functions were compiled because no usable IPDB/IOBJ from previous compilation was found.
  코드를 생성했습니다.
  GameEngine_DirectX9_Prototype.vcxproj -> C:\Users\user\Documents\GitHub\Projects\GameEngine_DirectX9_Prototype\Release\GameEngine_DirectX9_Prototype.exe
  GameEngine_DirectX9_Prototype.vcxproj -> C:\Users\user\Documents\GitHub\Projects\GameEngine_DirectX9_Prototype\Release\GameEngine_DirectX9_Prototype.pdb (Full PDB)
