  Component.cpp
d:\github\projects\gameengine_directx9_prototype\gameengine_directx9_prototype\component.h(248): warning C4244: '초기화 중': 'float'에서 'int'(으)로 변환하면서 데이터가 손실될 수 있습니다.
d:\github\projects\gameengine_directx9_prototype\gameengine_directx9_prototype\component.h(327): warning C4018: '<': signed 또는 unsigned가 일치하지 않습니다.
d:\github\projects\gameengine_directx9_prototype\gameengine_directx9_prototype\component.cpp(291): warning C4018: '<': signed 또는 unsigned가 일치하지 않습니다.
d:\github\projects\gameengine_directx9_prototype\gameengine_directx9_prototype\component.cpp(322): warning C4018: '<': signed 또는 unsigned가 일치하지 않습니다.
  코드를 생성하고 있습니다...
  컴파일하고 있습니다...
  main.cpp
d:\github\projects\gameengine_directx9_prototype\gameengine_directx9_prototype\component.h(248): warning C4244: '초기화 중': 'float'에서 'int'(으)로 변환하면서 데이터가 손실될 수 있습니다.
d:\github\projects\gameengine_directx9_prototype\gameengine_directx9_prototype\component.h(327): warning C4018: '<': signed 또는 unsigned가 일치하지 않습니다.
  d3dUtility.cpp
d:\github\projects\gameengine_directx9_prototype\gameengine_directx9_prototype\component.h(248): warning C4244: '초기화 중': 'float'에서 'int'(으)로 변환하면서 데이터가 손실될 수 있습니다.
d:\github\projects\gameengine_directx9_prototype\gameengine_directx9_prototype\component.h(327): warning C4018: '<': signed 또는 unsigned가 일치하지 않습니다.
  Utility.cpp
  Scene.cpp
d:\github\projects\gameengine_directx9_prototype\gameengine_directx9_prototype\component.h(248): warning C4244: '초기화 중': 'float'에서 'int'(으)로 변환하면서 데이터가 손실될 수 있습니다.
d:\github\projects\gameengine_directx9_prototype\gameengine_directx9_prototype\component.h(327): warning C4018: '<': signed 또는 unsigned가 일치하지 않습니다.
d:\github\projects\gameengine_directx9_prototype\gameengine_directx9_prototype\scene.cpp(135): warning C4477: 'sprintf' : 서식 문자열 '%f'에 'double' 형식의 인수가 필요하지만 variadic 인수 1의 형식이 'clock_t'입니다.
d:\github\projects\gameengine_directx9_prototype\gameengine_directx9_prototype\scene.cpp(135): warning C4996: 'sprintf': This function or variable may be unsafe. Consider using sprintf_s instead. To disable deprecation, use _CRT_SECURE_NO_WARNINGS. See online help for details.
  c:\program files (x86)\windows kits\10\include\10.0.10240.0\ucrt\stdio.h(1769): note: 'sprintf' 선언을 참조하십시오.
  Locator.cpp
d:\github\projects\gameengine_directx9_prototype\gameengine_directx9_prototype\component.h(248): warning C4244: '초기화 중': 'float'에서 'int'(으)로 변환하면서 데이터가 손실될 수 있습니다.
d:\github\projects\gameengine_directx9_prototype\gameengine_directx9_prototype\component.h(327): warning C4018: '<': signed 또는 unsigned가 일치하지 않습니다.
  GameObject.cpp
d:\github\projects\gameengine_directx9_prototype\gameengine_directx9_prototype\component.h(248): warning C4244: '초기화 중': 'float'에서 'int'(으)로 변환하면서 데이터가 손실될 수 있습니다.
d:\github\projects\gameengine_directx9_prototype\gameengine_directx9_prototype\component.h(327): warning C4018: '<': signed 또는 unsigned가 일치하지 않습니다.
d:\github\projects\gameengine_directx9_prototype\gameengine_directx9_prototype\gameobject.cpp(26): warning C4018: '<': signed 또는 unsigned가 일치하지 않습니다.
d:\github\projects\gameengine_directx9_prototype\gameengine_directx9_prototype\gameobject.cpp(35): warning C4018: '<': signed 또는 unsigned가 일치하지 않습니다.
d:\github\projects\gameengine_directx9_prototype\gameengine_directx9_prototype\gameobject.cpp(53): warning C4018: '<': signed 또는 unsigned가 일치하지 않습니다.
  코드를 생성하고 있습니다...
  GameEngine_DirectX9_Prototype.vcxproj -> D:\GitHub\Projects\GameEngine_DirectX9_Prototype\Debug\GameEngine_DirectX9_Prototype.exe
  GameEngine_DirectX9_Prototype.vcxproj -> D:\GitHub\Projects\GameEngine_DirectX9_Prototype\Debug\GameEngine_DirectX9_Prototype.pdb (Full PDB)
